<?xml version="1.0" encoding="UTF-8"?>
<!-- Generated by org.testng.reporters.JUnitXMLReporter -->
<testsuite ignored="0" hostname="L-SFH79FJG5J-M" failures="0" tests="5" name="Default test" time="0.535" errors="0" timestamp="2023-03-15T08:25:42 PDT">
  <testcase classname="Reusable.BaseClass" name="@BeforeMethod setUpBeforeTestMethod" time="0.008">
    <failure type="java.io.FileNotFoundException" message="/Users/ku2e8te/Desktop/Gowri/DemoRepos/SalesForcePOMFramework/Users/ku2e8te/Desktop/Gowri/DemoRepos/SalesForcePOMFramework/src/test/resources/data.properties (No such file or directory)">
      <![CDATA[java.io.FileNotFoundException: /Users/ku2e8te/Desktop/Gowri/DemoRepos/SalesForcePOMFramework/Users/ku2e8te/Desktop/Gowri/DemoRepos/SalesForcePOMFramework/src/test/resources/data.properties (No such file or directory)
at java.base/java.io.FileInputStream.open0(Native Method)
at java.base/java.io.FileInputStream.open(FileInputStream.java:216)
at java.base/java.io.FileInputStream.<init>(FileInputStream.java:157)
at com.utility.PropertiesUtility.readPropertyData(PropertiesUtility.java:16)
at Reusable.BaseClass.setUpBeforeTestMethod(BaseClass.java:63)
at java.base/jdk.internal.reflect.NativeMethodAccessorImpl.invoke0(Native Method)
at java.base/jdk.internal.reflect.NativeMethodAccessorImpl.invoke(NativeMethodAccessorImpl.java:77)
at java.base/jdk.internal.reflect.DelegatingMethodAccessorImpl.invoke(DelegatingMethodAccessorImpl.java:43)
at java.base/java.lang.reflect.Method.invoke(Method.java:568)
at org.testng.internal.MethodInvocationHelper.invokeMethod(MethodInvocationHelper.java:133)
at org.testng.internal.MethodInvocationHelper.invokeMethodConsideringTimeout(MethodInvocationHelper.java:62)
at org.testng.internal.ConfigInvoker.invokeConfigurationMethod(ConfigInvoker.java:385)
at org.testng.internal.ConfigInvoker.invokeConfigurations(ConfigInvoker.java:321)
at org.testng.internal.TestInvoker.runConfigMethods(TestInvoker.java:700)
at org.testng.internal.TestInvoker.invokeMethod(TestInvoker.java:527)
at org.testng.internal.TestInvoker.invokeTestMethod(TestInvoker.java:173)
at org.testng.internal.MethodRunner.runInSequence(MethodRunner.java:46)
at org.testng.internal.TestInvoker$MethodInvocationAgent.invoke(TestInvoker.java:824)
at org.testng.internal.TestInvoker.invokeTestMethods(TestInvoker.java:146)
at org.testng.internal.TestMethodWorker.invokeTestMethods(TestMethodWorker.java:146)
at org.testng.internal.TestMethodWorker.run(TestMethodWorker.java:128)
at java.base/java.util.ArrayList.forEach(ArrayList.java:1511)
at org.testng.TestRunner.privateRun(TestRunner.java:794)
at org.testng.TestRunner.run(TestRunner.java:596)
at org.testng.SuiteRunner.runTest(SuiteRunner.java:377)
at org.testng.SuiteRunner.runSequentially(SuiteRunner.java:371)
at org.testng.SuiteRunner.privateRun(SuiteRunner.java:332)
at org.testng.SuiteRunner.run(SuiteRunner.java:276)
at org.testng.SuiteRunnerWorker.runSuite(SuiteRunnerWorker.java:53)
at org.testng.SuiteRunnerWorker.run(SuiteRunnerWorker.java:96)
at org.testng.TestNG.runSuitesSequentially(TestNG.java:1212)
at org.testng.TestNG.runSuitesLocally(TestNG.java:1134)
at org.testng.TestNG.runSuites(TestNG.java:1063)
at org.testng.TestNG.run(TestNG.java:1031)
at org.testng.remote.AbstractRemoteTestNG.run(AbstractRemoteTestNG.java:115)
at org.testng.remote.RemoteTestNG.initAndRun(RemoteTestNG.java:251)
at org.testng.remote.RemoteTestNG.main(RemoteTestNG.java:77)
]]>
    </failure>
  </testcase> <!-- @BeforeMethod setUpBeforeTestMethod -->
  <testcase classname="Reusable.BaseClass" name="@AfterMethod teardownAfterTestMethod" time="-1.678893942462E9">
    <skipped/>
  </testcase> <!-- @AfterMethod teardownAfterTestMethod -->
  <testcase classname="Reusable.BaseClass" name="@BeforeMethod setUpBeforeTestMethod" time="-1.678893942466E9">
    <skipped/>
  </testcase> <!-- @BeforeMethod setUpBeforeTestMethod -->
  <testcase classname="Reusable.BaseClass" name="@AfterMethod teardownAfterTestMethod" time="-1.678893942469E9">
    <skipped/>
  </testcase> <!-- @AfterMethod teardownAfterTestMethod -->
  <testcase classname="Reusable.BaseClass" name="@BeforeMethod setUpBeforeTestMethod" time="-1.678893942471E9">
    <skipped/>
  </testcase> <!-- @BeforeMethod setUpBeforeTestMethod -->
  <testcase classname="Reusable.BaseClass" name="@AfterMethod teardownAfterTestMethod" time="-1.678893942474E9">
    <skipped/>
  </testcase> <!-- @AfterMethod teardownAfterTestMethod -->
  <testcase classname="Reusable.BaseClass" name="@BeforeMethod setUpBeforeTestMethod" time="-1.678893942475E9">
    <skipped/>
  </testcase> <!-- @BeforeMethod setUpBeforeTestMethod -->
  <testcase classname="Reusable.BaseClass" name="@AfterMethod teardownAfterTestMethod" time="-1.678893942479E9">
    <skipped/>
  </testcase> <!-- @AfterMethod teardownAfterTestMethod -->
  <testcase classname="Reusable.BaseClass" name="@BeforeMethod setUpBeforeTestMethod" time="-1.67889394248E9">
    <skipped/>
  </testcase> <!-- @BeforeMethod setUpBeforeTestMethod -->
  <testcase classname="Reusable.BaseClass" name="@AfterMethod teardownAfterTestMethod" time="-1.678893942484E9">
    <skipped/>
  </testcase> <!-- @AfterMethod teardownAfterTestMethod -->
  <testcase classname="com.tests.SFDCTest" name="loginToSalesforce" time="0.0">
    <skipped/>
  </testcase> <!-- loginToSalesforce -->
  <testcase classname="com.tests.SFDCTest" name="Error_Login" time="0.0">
    <skipped/>
  </testcase> <!-- Error_Login -->
  <testcase classname="com.tests.SFDCTest" name="CheckRememberMe" time="0.0">
    <skipped/>
  </testcase> <!-- CheckRememberMe -->
  <testcase classname="com.tests.SFDCTest" name="ForgotPassword" time="0.0">
    <skipped/>
  </testcase> <!-- ForgotPassword -->
  <testcase classname="com.tests.SFDCTest" name="ValidateErrorMessage" time="0.0">
    <skipped/>
  </testcase> <!-- ValidateErrorMessage -->
</testsuite> <!-- Default test -->
