<?xml version="1.0" encoding="UTF-8"?>
<!-- Generated by org.testng.reporters.JUnitXMLReporter -->
<testsuite ignored="0" hostname="L-SFH79FJG5J-M" failures="1" tests="16" name="My second test" time="274.971" errors="0" timestamp="2023-02-16T15:55:43 PST">
  <testcase classname="SFDCLogin_TC1_4.Login" name="error_LoginTC_1" time="3.105"/>
  <testcase classname="SFDCLogin_TC1_4.Login" name="loginSF_TC_2" time="2.281"/>
  <testcase classname="SFDCLogin_TC1_4.Login" name="forgot_Password_TC_4A" time="3.335"/>
  <testcase classname="SFDCLogin_TC1_4.Login" name="checkRememberMe_TC_3" time="3.391">
    <failure type="org.openqa.selenium.NoSuchElementException" message="no such element: Unable to locate element: {&amp;quot;method&amp;quot;:&amp;quot;css selector&amp;quot;,&amp;quot;selector&amp;quot;:&amp;quot;#userNav&amp;quot;}
  (Session info: chrome=109.0.5414.119)
For documentation on this error, please visit: https://www.seleniumhq.org/exceptions/no_such_element.html
Build info: version: &amp;apos;3.141.59&amp;apos;, revision: &amp;apos;e82be7d358&amp;apos;, time: &amp;apos;2018-11-14T08:17:03&amp;apos;
System info: host: &amp;apos;L-SFH79FJG5J-M&amp;apos;, ip: &amp;apos;2601:644:8000:473:9c1e:b798:352e:d80%en0&amp;apos;, os.name: &amp;apos;Mac OS X&amp;apos;, os.arch: &amp;apos;x86_64&amp;apos;, os.version: &amp;apos;10.14.6&amp;apos;, java.version: &amp;apos;17.0.5&amp;apos;
Driver info: org.openqa.selenium.chrome.ChromeDriver
Capabilities {acceptInsecureCerts: false, browserName: chrome, browserVersion: 109.0.5414.119, chrome: {chromedriverVersion: 109.0.5414.74 (e7c5703604da..., userDataDir: /var/folders/38/h4cpgrhs4rn...}, goog:chromeOptions: {debuggerAddress: localhost:50316}, javascriptEnabled: true, networkConnectionEnabled: false, pageLoadStrategy: normal, platform: MAC, platformName: MAC, proxy: Proxy(), setWindowRect: true, strictFileInteractability: false, timeouts: {implicit: 0, pageLoad: 300000, script: 30000}, unhandledPromptBehavior: dismiss and notify, webauthn:extension:credBlob: true, webauthn:extension:largeBlob: true, webauthn:virtualAuthenticators: true}
Session ID: 64bd7e2839846bf9461245db894f8a6f
*** Element info: {Using=id, value=userNav}">
      <![CDATA[org.openqa.selenium.NoSuchElementException: no such element: Unable to locate element: {"method":"css selector","selector":"#userNav"}
  (Session info: chrome=109.0.5414.119)
For documentation on this error, please visit: https://www.seleniumhq.org/exceptions/no_such_element.html
Build info: version: '3.141.59', revision: 'e82be7d358', time: '2018-11-14T08:17:03'
System info: host: 'L-SFH79FJG5J-M', ip: '2601:644:8000:473:9c1e:b798:352e:d80%en0', os.name: 'Mac OS X', os.arch: 'x86_64', os.version: '10.14.6', java.version: '17.0.5'
Driver info: org.openqa.selenium.chrome.ChromeDriver
Capabilities {acceptInsecureCerts: false, browserName: chrome, browserVersion: 109.0.5414.119, chrome: {chromedriverVersion: 109.0.5414.74 (e7c5703604da..., userDataDir: /var/folders/38/h4cpgrhs4rn...}, goog:chromeOptions: {debuggerAddress: localhost:50316}, javascriptEnabled: true, networkConnectionEnabled: false, pageLoadStrategy: normal, platform: MAC, platformName: MAC, proxy: Proxy(), setWindowRect: true, strictFileInteractability: false, timeouts: {implicit: 0, pageLoad: 300000, script: 30000}, unhandledPromptBehavior: dismiss and notify, webauthn:extension:credBlob: true, webauthn:extension:largeBlob: true, webauthn:virtualAuthenticators: true}
Session ID: 64bd7e2839846bf9461245db894f8a6f
*** Element info: {Using=id, value=userNav}
at org.openqa.selenium.remote.http.W3CHttpResponseCodec.createException(W3CHttpResponseCodec.java:187)
at org.openqa.selenium.remote.http.W3CHttpResponseCodec.decode(W3CHttpResponseCodec.java:122)
at org.openqa.selenium.remote.http.W3CHttpResponseCodec.decode(W3CHttpResponseCodec.java:49)
at org.openqa.selenium.remote.HttpCommandExecutor.execute(HttpCommandExecutor.java:158)
at org.openqa.selenium.remote.service.DriverCommandExecutor.execute(DriverCommandExecutor.java:83)
at org.openqa.selenium.remote.RemoteWebDriver.execute(RemoteWebDriver.java:552)
at org.openqa.selenium.remote.RemoteWebDriver.findElement(RemoteWebDriver.java:323)
at org.openqa.selenium.remote.RemoteWebDriver.findElementById(RemoteWebDriver.java:372)
at org.openqa.selenium.By$ById.findElement(By.java:188)
at org.openqa.selenium.remote.RemoteWebDriver.findElement(RemoteWebDriver.java:315)
at SFDCLogin_TC1_4.Login.checkRememberMe_TC_3(Login.java:80)
at java.base/java.util.ArrayList.forEach(ArrayList.java:1511)
... Removed 32 stack frames]]>
    </failure>
  </testcase> <!-- checkRememberMe_TC_3 -->
  <testcase classname="SFDCLogin_TC1_4.Login" name="login_error_msg_TC_4B" time="3.438"/>
  <testcase classname="UserMenuDropDown_TC5_9.Dropdown_TC5_6" name="dropdownMenu_TC5" time="7.707"/>
  <testcase classname="UserMenuDropDown_TC5_9.Dropdown_TC5_6" name="myProfile_TC6" time="45.607"/>
  <testcase classname="UserMenuDropDown_TC5_9.Dropdown_TC5_6" name="post" time="16.852"/>
  <testcase classname="UserMenuDropDown_TC5_9.Dropdown_TC5_6" name="uploadPhoto" time="35.035"/>
  <testcase classname="UserMenuDropDown_TC5_9.Dropdown_TC5_6" name="uploadingFile" time="20.515"/>
  <testcase classname="UserMenuDropDown_TC5_9.MySettings_TC7" name="display" time="17.299"/>
  <testcase classname="UserMenuDropDown_TC5_9.MySettings_TC7" name="emailUpdate" time="12.846"/>
  <testcase classname="UserMenuDropDown_TC5_9.MySettings_TC7" name="publiclink" time="7.672"/>
  <testcase classname="UserMenuDropDown_TC5_9.MySettings_TC7" name="reminder" time="11.976"/>
  <testcase classname="UserMenuDropDown_TC5_9.DeveloperConsole_TC8" name="dConsole" time="8.002"/>
  <testcase classname="UserMenuDropDown_TC5_9.Logout_TC9" name="logOutSF_TC9" time="6.811"/>
</testsuite> <!-- My second test -->
