<?xml version="1.0" encoding="UTF-8"?>
<!-- Generated by org.testng.reporters.JUnitXMLReporter -->
<testsuite ignored="9" hostname="L-SFH79FJG5J-M" failures="8" tests="44" name="SalesforceTest" time="1242.208" errors="0" timestamp="2023-02-22T18:49:24 PST">
  <testcase classname="UserMenuDropDown_TC5_9.Dropdown_TC5_6" name="dropdownMenu_TC5" time="7.251"/>
  <testcase classname="UserMenuDropDown_TC5_9.Dropdown_TC5_6" name="myProfile_TC6" time="57.087"/>
  <testcase classname="UserMenuDropDown_TC5_9.Dropdown_TC5_6" name="post" time="46.755">
    <failure type="org.openqa.selenium.NoSuchElementException" message="no such element: Unable to locate element: {&amp;quot;method&amp;quot;:&amp;quot;xpath&amp;quot;,&amp;quot;selector&amp;quot;:&amp;quot;//body[contains(text(),&amp;apos;Share an update, @mention someone...&amp;apos;)]&amp;quot;}
  (Session info: chrome=110.0.5481.177)
For documentation on this error, please visit: https://www.seleniumhq.org/exceptions/no_such_element.html
Build info: version: &amp;apos;3.141.59&amp;apos;, revision: &amp;apos;e82be7d358&amp;apos;, time: &amp;apos;2018-11-14T08:17:03&amp;apos;
System info: host: &amp;apos;L-SFH79FJG5J-M&amp;apos;, ip: &amp;apos;2601:644:8000:5:272e:a75b:433b:890c%en0&amp;apos;, os.name: &amp;apos;Mac OS X&amp;apos;, os.arch: &amp;apos;x86_64&amp;apos;, os.version: &amp;apos;10.14.6&amp;apos;, java.version: &amp;apos;17.0.5&amp;apos;
Driver info: org.openqa.selenium.chrome.ChromeDriver
Capabilities {acceptInsecureCerts: false, browserName: chrome, browserVersion: 110.0.5481.177, chrome: {chromedriverVersion: 110.0.5481.77 (65ed616c6e8e..., userDataDir: /var/folders/38/h4cpgrhs4rn...}, goog:chromeOptions: {debuggerAddress: localhost:54025}, javascriptEnabled: true, networkConnectionEnabled: false, pageLoadStrategy: normal, platform: MAC, platformName: MAC, proxy: Proxy(), setWindowRect: true, strictFileInteractability: false, timeouts: {implicit: 0, pageLoad: 300000, script: 30000}, unhandledPromptBehavior: dismiss and notify, webauthn:extension:credBlob: true, webauthn:extension:largeBlob: true, webauthn:virtualAuthenticators: true}
Session ID: 3fe538d37210853da34b8c6d9b1b0d18
*** Element info: {Using=xpath, value=//body[contains(text(),&amp;apos;Share an update, @mention someone...&amp;apos;)]}">
      <![CDATA[org.openqa.selenium.NoSuchElementException: no such element: Unable to locate element: {"method":"xpath","selector":"//body[contains(text(),'Share an update, @mention someone...')]"}
  (Session info: chrome=110.0.5481.177)
For documentation on this error, please visit: https://www.seleniumhq.org/exceptions/no_such_element.html
Build info: version: '3.141.59', revision: 'e82be7d358', time: '2018-11-14T08:17:03'
System info: host: 'L-SFH79FJG5J-M', ip: '2601:644:8000:5:272e:a75b:433b:890c%en0', os.name: 'Mac OS X', os.arch: 'x86_64', os.version: '10.14.6', java.version: '17.0.5'
Driver info: org.openqa.selenium.chrome.ChromeDriver
Capabilities {acceptInsecureCerts: false, browserName: chrome, browserVersion: 110.0.5481.177, chrome: {chromedriverVersion: 110.0.5481.77 (65ed616c6e8e..., userDataDir: /var/folders/38/h4cpgrhs4rn...}, goog:chromeOptions: {debuggerAddress: localhost:54025}, javascriptEnabled: true, networkConnectionEnabled: false, pageLoadStrategy: normal, platform: MAC, platformName: MAC, proxy: Proxy(), setWindowRect: true, strictFileInteractability: false, timeouts: {implicit: 0, pageLoad: 300000, script: 30000}, unhandledPromptBehavior: dismiss and notify, webauthn:extension:credBlob: true, webauthn:extension:largeBlob: true, webauthn:virtualAuthenticators: true}
Session ID: 3fe538d37210853da34b8c6d9b1b0d18
*** Element info: {Using=xpath, value=//body[contains(text(),'Share an update, @mention someone...')]}
at org.openqa.selenium.remote.http.W3CHttpResponseCodec.createException(W3CHttpResponseCodec.java:187)
at org.openqa.selenium.remote.http.W3CHttpResponseCodec.decode(W3CHttpResponseCodec.java:122)
at org.openqa.selenium.remote.http.W3CHttpResponseCodec.decode(W3CHttpResponseCodec.java:49)
at org.openqa.selenium.remote.HttpCommandExecutor.execute(HttpCommandExecutor.java:158)
at org.openqa.selenium.remote.service.DriverCommandExecutor.execute(DriverCommandExecutor.java:83)
at org.openqa.selenium.remote.RemoteWebDriver.execute(RemoteWebDriver.java:552)
at org.openqa.selenium.remote.RemoteWebDriver.findElement(RemoteWebDriver.java:323)
at org.openqa.selenium.remote.RemoteWebDriver.findElementByXPath(RemoteWebDriver.java:428)
at org.openqa.selenium.By$ByXPath.findElement(By.java:353)
at org.openqa.selenium.remote.RemoteWebDriver.findElement(RemoteWebDriver.java:315)
at UserMenuDropDown_TC5_9.Dropdown_TC5_6.post(Dropdown_TC5_6.java:104)
at java.base/java.util.ArrayList.forEach(ArrayList.java:1511)
... Removed 32 stack frames]]>
    </failure>
  </testcase> <!-- post -->
  <testcase classname="UserMenuDropDown_TC5_9.Dropdown_TC5_6" name="uploadPhoto" time="49.021"/>
  <testcase classname="UserMenuDropDown_TC5_9.Dropdown_TC5_6" name="uploadingFile" time="24.414"/>
  <testcase classname="SFDCLogin_TC1_4.Login" name="error_LoginTC_1" time="1.638">
    <failure type="java.lang.AssertionError" message="expected [Please enter your password.] but found []">
      <![CDATA[java.lang.AssertionError: expected [Please enter your password.] but found []
at Reusable.BaseClass.validation(BaseClass.java:100)
at SFDCLogin_TC1_4.Login.error_LoginTC_1(Login.java:58)
at java.base/java.util.ArrayList.forEach(ArrayList.java:1511)
... Removed 33 stack frames]]>
    </failure>
  </testcase> <!-- error_LoginTC_1 -->
  <testcase classname="SFDCLogin_TC1_4.Login" name="loginSF_TC_2" time="8.068"/>
  <testcase classname="SFDCLogin_TC1_4.Login" name="forgot_Password_TC_4A" time="1.246"/>
  <testcase classname="SFDCLogin_TC1_4.Login" name="checkRememberMe_TC_3" time="12.161"/>
  <testcase classname="SFDCLogin_TC1_4.Login" name="login_error_msg_TC_4B" time="0.705">
    <failure type="java.lang.AssertionError" message="expected [Please check your username and password. If you still can&amp;apos;t log in, contact your Salesforce administrator.] but found []">
      <![CDATA[java.lang.AssertionError: expected [Please check your username and password. If you still can't log in, contact your Salesforce administrator.] but found []
at Reusable.BaseClass.validation(BaseClass.java:100)
at SFDCLogin_TC1_4.Login.login_error_msg_TC_4B(Login.java:142)
at java.base/java.util.ArrayList.forEach(ArrayList.java:1511)
... Removed 33 stack frames]]>
    </failure>
  </testcase> <!-- login_error_msg_TC_4B -->
  <testcase classname="CreateAccount_TC10_14.Account_TC10_14" name="clickOnAcc_TC14" time="56.827">
    <failure type="org.openqa.selenium.ElementNotInteractableException" message="element not interactable
  (Session info: chrome=110.0.5481.177)
Build info: version: &amp;apos;3.141.59&amp;apos;, revision: &amp;apos;e82be7d358&amp;apos;, time: &amp;apos;2018-11-14T08:17:03&amp;apos;
System info: host: &amp;apos;L-SFH79FJG5J-M&amp;apos;, ip: &amp;apos;2601:644:8000:5:272e:a75b:433b:890c%en0&amp;apos;, os.name: &amp;apos;Mac OS X&amp;apos;, os.arch: &amp;apos;x86_64&amp;apos;, os.version: &amp;apos;10.14.6&amp;apos;, java.version: &amp;apos;17.0.5&amp;apos;
Driver info: org.openqa.selenium.chrome.ChromeDriver
Capabilities {acceptInsecureCerts: false, browserName: chrome, browserVersion: 110.0.5481.177, chrome: {chromedriverVersion: 110.0.5481.77 (65ed616c6e8e..., userDataDir: /var/folders/38/h4cpgrhs4rn...}, goog:chromeOptions: {debuggerAddress: localhost:54464}, javascriptEnabled: true, networkConnectionEnabled: false, pageLoadStrategy: normal, platform: MAC, platformName: MAC, proxy: Proxy(), setWindowRect: true, strictFileInteractability: false, timeouts: {implicit: 0, pageLoad: 300000, script: 30000}, unhandledPromptBehavior: dismiss and notify, webauthn:extension:credBlob: true, webauthn:extension:largeBlob: true, webauthn:virtualAuthenticators: true}
Session ID: 8ac00417f12adceccf411f0ced150a32">
      <![CDATA[org.openqa.selenium.ElementNotInteractableException: element not interactable
  (Session info: chrome=110.0.5481.177)
Build info: version: '3.141.59', revision: 'e82be7d358', time: '2018-11-14T08:17:03'
System info: host: 'L-SFH79FJG5J-M', ip: '2601:644:8000:5:272e:a75b:433b:890c%en0', os.name: 'Mac OS X', os.arch: 'x86_64', os.version: '10.14.6', java.version: '17.0.5'
Driver info: org.openqa.selenium.chrome.ChromeDriver
Capabilities {acceptInsecureCerts: false, browserName: chrome, browserVersion: 110.0.5481.177, chrome: {chromedriverVersion: 110.0.5481.77 (65ed616c6e8e..., userDataDir: /var/folders/38/h4cpgrhs4rn...}, goog:chromeOptions: {debuggerAddress: localhost:54464}, javascriptEnabled: true, networkConnectionEnabled: false, pageLoadStrategy: normal, platform: MAC, platformName: MAC, proxy: Proxy(), setWindowRect: true, strictFileInteractability: false, timeouts: {implicit: 0, pageLoad: 300000, script: 30000}, unhandledPromptBehavior: dismiss and notify, webauthn:extension:credBlob: true, webauthn:extension:largeBlob: true, webauthn:virtualAuthenticators: true}
Session ID: 8ac00417f12adceccf411f0ced150a32
at org.openqa.selenium.remote.http.W3CHttpResponseCodec.createException(W3CHttpResponseCodec.java:187)
at org.openqa.selenium.remote.http.W3CHttpResponseCodec.decode(W3CHttpResponseCodec.java:122)
at org.openqa.selenium.remote.http.W3CHttpResponseCodec.decode(W3CHttpResponseCodec.java:49)
at org.openqa.selenium.remote.HttpCommandExecutor.execute(HttpCommandExecutor.java:158)
at org.openqa.selenium.remote.service.DriverCommandExecutor.execute(DriverCommandExecutor.java:83)
at org.openqa.selenium.remote.RemoteWebDriver.execute(RemoteWebDriver.java:552)
at org.openqa.selenium.remote.RemoteWebElement.execute(RemoteWebElement.java:285)
at org.openqa.selenium.remote.RemoteWebElement.click(RemoteWebElement.java:84)
at CreateAccount_TC10_14.Account_TC10_14.clickOnAcc_TC14(Account_TC10_14.java:181)
at java.base/java.util.ArrayList.forEach(ArrayList.java:1511)
... Removed 32 stack frames]]>
    </failure>
  </testcase> <!-- clickOnAcc_TC14 -->
  <testcase classname="CreateAccount_TC10_14.Account_TC10_14" name="edit_TC12" time="48.086">
    <failure type="org.openqa.selenium.ElementNotInteractableException" message="element not interactable
  (Session info: chrome=110.0.5481.177)
Build info: version: &amp;apos;3.141.59&amp;apos;, revision: &amp;apos;e82be7d358&amp;apos;, time: &amp;apos;2018-11-14T08:17:03&amp;apos;
System info: host: &amp;apos;L-SFH79FJG5J-M&amp;apos;, ip: &amp;apos;2601:644:8000:5:272e:a75b:433b:890c%en0&amp;apos;, os.name: &amp;apos;Mac OS X&amp;apos;, os.arch: &amp;apos;x86_64&amp;apos;, os.version: &amp;apos;10.14.6&amp;apos;, java.version: &amp;apos;17.0.5&amp;apos;
Driver info: org.openqa.selenium.chrome.ChromeDriver
Capabilities {acceptInsecureCerts: false, browserName: chrome, browserVersion: 110.0.5481.177, chrome: {chromedriverVersion: 110.0.5481.77 (65ed616c6e8e..., userDataDir: /var/folders/38/h4cpgrhs4rn...}, goog:chromeOptions: {debuggerAddress: localhost:54533}, javascriptEnabled: true, networkConnectionEnabled: false, pageLoadStrategy: normal, platform: MAC, platformName: MAC, proxy: Proxy(), setWindowRect: true, strictFileInteractability: false, timeouts: {implicit: 0, pageLoad: 300000, script: 30000}, unhandledPromptBehavior: dismiss and notify, webauthn:extension:credBlob: true, webauthn:extension:largeBlob: true, webauthn:virtualAuthenticators: true}
Session ID: 0d67bf3d278b9c267332b3f37191547d">
      <![CDATA[org.openqa.selenium.ElementNotInteractableException: element not interactable
  (Session info: chrome=110.0.5481.177)
Build info: version: '3.141.59', revision: 'e82be7d358', time: '2018-11-14T08:17:03'
System info: host: 'L-SFH79FJG5J-M', ip: '2601:644:8000:5:272e:a75b:433b:890c%en0', os.name: 'Mac OS X', os.arch: 'x86_64', os.version: '10.14.6', java.version: '17.0.5'
Driver info: org.openqa.selenium.chrome.ChromeDriver
Capabilities {acceptInsecureCerts: false, browserName: chrome, browserVersion: 110.0.5481.177, chrome: {chromedriverVersion: 110.0.5481.77 (65ed616c6e8e..., userDataDir: /var/folders/38/h4cpgrhs4rn...}, goog:chromeOptions: {debuggerAddress: localhost:54533}, javascriptEnabled: true, networkConnectionEnabled: false, pageLoadStrategy: normal, platform: MAC, platformName: MAC, proxy: Proxy(), setWindowRect: true, strictFileInteractability: false, timeouts: {implicit: 0, pageLoad: 300000, script: 30000}, unhandledPromptBehavior: dismiss and notify, webauthn:extension:credBlob: true, webauthn:extension:largeBlob: true, webauthn:virtualAuthenticators: true}
Session ID: 0d67bf3d278b9c267332b3f37191547d
at org.openqa.selenium.remote.http.W3CHttpResponseCodec.createException(W3CHttpResponseCodec.java:187)
at org.openqa.selenium.remote.http.W3CHttpResponseCodec.decode(W3CHttpResponseCodec.java:122)
at org.openqa.selenium.remote.http.W3CHttpResponseCodec.decode(W3CHttpResponseCodec.java:49)
at org.openqa.selenium.remote.HttpCommandExecutor.execute(HttpCommandExecutor.java:158)
at org.openqa.selenium.remote.service.DriverCommandExecutor.execute(DriverCommandExecutor.java:83)
at org.openqa.selenium.remote.RemoteWebDriver.execute(RemoteWebDriver.java:552)
at org.openqa.selenium.remote.RemoteWebElement.execute(RemoteWebElement.java:285)
at org.openqa.selenium.remote.RemoteWebElement.click(RemoteWebElement.java:84)
at CreateAccount_TC10_14.Account_TC10_14.edit_TC12(Account_TC10_14.java:93)
at java.base/java.util.ArrayList.forEach(ArrayList.java:1511)
... Removed 32 stack frames]]>
    </failure>
  </testcase> <!-- edit_TC12 -->
  <testcase classname="CreateAccount_TC10_14.Account_TC10_14" name="mergeAccount_TC13" time="48.05">
    <failure type="org.openqa.selenium.ElementNotInteractableException" message="element not interactable
  (Session info: chrome=110.0.5481.177)
Build info: version: &amp;apos;3.141.59&amp;apos;, revision: &amp;apos;e82be7d358&amp;apos;, time: &amp;apos;2018-11-14T08:17:03&amp;apos;
System info: host: &amp;apos;L-SFH79FJG5J-M&amp;apos;, ip: &amp;apos;2601:644:8000:5:272e:a75b:433b:890c%en0&amp;apos;, os.name: &amp;apos;Mac OS X&amp;apos;, os.arch: &amp;apos;x86_64&amp;apos;, os.version: &amp;apos;10.14.6&amp;apos;, java.version: &amp;apos;17.0.5&amp;apos;
Driver info: org.openqa.selenium.chrome.ChromeDriver
Capabilities {acceptInsecureCerts: false, browserName: chrome, browserVersion: 110.0.5481.177, chrome: {chromedriverVersion: 110.0.5481.77 (65ed616c6e8e..., userDataDir: /var/folders/38/h4cpgrhs4rn...}, goog:chromeOptions: {debuggerAddress: localhost:54610}, javascriptEnabled: true, networkConnectionEnabled: false, pageLoadStrategy: normal, platform: MAC, platformName: MAC, proxy: Proxy(), setWindowRect: true, strictFileInteractability: false, timeouts: {implicit: 0, pageLoad: 300000, script: 30000}, unhandledPromptBehavior: dismiss and notify, webauthn:extension:credBlob: true, webauthn:extension:largeBlob: true, webauthn:virtualAuthenticators: true}
Session ID: 16d4b9558693fb598c2266fb0c604dc4">
      <![CDATA[org.openqa.selenium.ElementNotInteractableException: element not interactable
  (Session info: chrome=110.0.5481.177)
Build info: version: '3.141.59', revision: 'e82be7d358', time: '2018-11-14T08:17:03'
System info: host: 'L-SFH79FJG5J-M', ip: '2601:644:8000:5:272e:a75b:433b:890c%en0', os.name: 'Mac OS X', os.arch: 'x86_64', os.version: '10.14.6', java.version: '17.0.5'
Driver info: org.openqa.selenium.chrome.ChromeDriver
Capabilities {acceptInsecureCerts: false, browserName: chrome, browserVersion: 110.0.5481.177, chrome: {chromedriverVersion: 110.0.5481.77 (65ed616c6e8e..., userDataDir: /var/folders/38/h4cpgrhs4rn...}, goog:chromeOptions: {debuggerAddress: localhost:54610}, javascriptEnabled: true, networkConnectionEnabled: false, pageLoadStrategy: normal, platform: MAC, platformName: MAC, proxy: Proxy(), setWindowRect: true, strictFileInteractability: false, timeouts: {implicit: 0, pageLoad: 300000, script: 30000}, unhandledPromptBehavior: dismiss and notify, webauthn:extension:credBlob: true, webauthn:extension:largeBlob: true, webauthn:virtualAuthenticators: true}
Session ID: 16d4b9558693fb598c2266fb0c604dc4
at org.openqa.selenium.remote.http.W3CHttpResponseCodec.createException(W3CHttpResponseCodec.java:187)
at org.openqa.selenium.remote.http.W3CHttpResponseCodec.decode(W3CHttpResponseCodec.java:122)
at org.openqa.selenium.remote.http.W3CHttpResponseCodec.decode(W3CHttpResponseCodec.java:49)
at org.openqa.selenium.remote.HttpCommandExecutor.execute(HttpCommandExecutor.java:158)
at org.openqa.selenium.remote.service.DriverCommandExecutor.execute(DriverCommandExecutor.java:83)
at org.openqa.selenium.remote.RemoteWebDriver.execute(RemoteWebDriver.java:552)
at org.openqa.selenium.remote.RemoteWebElement.execute(RemoteWebElement.java:285)
at org.openqa.selenium.remote.RemoteWebElement.click(RemoteWebElement.java:84)
at CreateAccount_TC10_14.Account_TC10_14.mergeAccount_TC13(Account_TC10_14.java:144)
at java.base/java.util.ArrayList.forEach(ArrayList.java:1511)
... Removed 32 stack frames]]>
    </failure>
  </testcase> <!-- mergeAccount_TC13 -->
  <testcase classname="CreateAccount_TC10_14.Account_TC10_14" name="newAccount_TC10" time="22.962"/>
  <testcase classname="CreateAccount_TC10_14.Account_TC10_14" name="newView_TC11" time="20.464"/>
  <testcase classname="CreateOpportunities.OppDropDown_TC15_19" name="createNewOpp_TC16" time="41.698"/>
  <testcase classname="CreateOpportunities.OppDropDown_TC15_19" name="dropdown_15" time="8.297"/>
  <testcase classname="CreateOpportunities.OppDropDown_TC15_19" name="oppPipelineReport_TC17" time="15.182"/>
  <testcase classname="CreateOpportunities.OppDropDown_TC15_19" name="quarterlySummary_TC19" time="71.227"/>
  <testcase classname="CreateOpportunities.OppDropDown_TC15_19" name="stuckReports_TC18" time="9.656"/>
  <testcase classname="Leads_TC20_24.LeadsTab" name="clickOnLeads_TC20" time="12.061"/>
  <testcase classname="Leads_TC20_24.LeadsTab" name="clickOnNew_TC24" time="22.226"/>
  <testcase classname="Leads_TC20_24.LeadsTab" name="defaultsView_TC22" time="54.442">
    <failure type="org.openqa.selenium.NoSuchElementException" message="no such element: Unable to locate element: {&amp;quot;method&amp;quot;:&amp;quot;css selector&amp;quot;,&amp;quot;selector&amp;quot;:&amp;quot;#tryLexDialogX&amp;quot;}
  (Session info: chrome=110.0.5481.177)
For documentation on this error, please visit: https://www.seleniumhq.org/exceptions/no_such_element.html
Build info: version: &amp;apos;3.141.59&amp;apos;, revision: &amp;apos;e82be7d358&amp;apos;, time: &amp;apos;2018-11-14T08:17:03&amp;apos;
System info: host: &amp;apos;L-SFH79FJG5J-M&amp;apos;, ip: &amp;apos;2601:644:8000:5:272e:a75b:433b:890c%en0&amp;apos;, os.name: &amp;apos;Mac OS X&amp;apos;, os.arch: &amp;apos;x86_64&amp;apos;, os.version: &amp;apos;10.14.6&amp;apos;, java.version: &amp;apos;17.0.5&amp;apos;
Driver info: org.openqa.selenium.chrome.ChromeDriver
Capabilities {acceptInsecureCerts: false, browserName: chrome, browserVersion: 110.0.5481.177, chrome: {chromedriverVersion: 110.0.5481.77 (65ed616c6e8e..., userDataDir: /var/folders/38/h4cpgrhs4rn...}, goog:chromeOptions: {debuggerAddress: localhost:55284}, javascriptEnabled: true, networkConnectionEnabled: false, pageLoadStrategy: normal, platform: MAC, platformName: MAC, proxy: Proxy(), setWindowRect: true, strictFileInteractability: false, timeouts: {implicit: 0, pageLoad: 300000, script: 30000}, unhandledPromptBehavior: dismiss and notify, webauthn:extension:credBlob: true, webauthn:extension:largeBlob: true, webauthn:virtualAuthenticators: true}
Session ID: d1f13d9f6285bae73ba507f17c6d7969
*** Element info: {Using=id, value=tryLexDialogX}">
      <![CDATA[org.openqa.selenium.NoSuchElementException: no such element: Unable to locate element: {"method":"css selector","selector":"#tryLexDialogX"}
  (Session info: chrome=110.0.5481.177)
For documentation on this error, please visit: https://www.seleniumhq.org/exceptions/no_such_element.html
Build info: version: '3.141.59', revision: 'e82be7d358', time: '2018-11-14T08:17:03'
System info: host: 'L-SFH79FJG5J-M', ip: '2601:644:8000:5:272e:a75b:433b:890c%en0', os.name: 'Mac OS X', os.arch: 'x86_64', os.version: '10.14.6', java.version: '17.0.5'
Driver info: org.openqa.selenium.chrome.ChromeDriver
Capabilities {acceptInsecureCerts: false, browserName: chrome, browserVersion: 110.0.5481.177, chrome: {chromedriverVersion: 110.0.5481.77 (65ed616c6e8e..., userDataDir: /var/folders/38/h4cpgrhs4rn...}, goog:chromeOptions: {debuggerAddress: localhost:55284}, javascriptEnabled: true, networkConnectionEnabled: false, pageLoadStrategy: normal, platform: MAC, platformName: MAC, proxy: Proxy(), setWindowRect: true, strictFileInteractability: false, timeouts: {implicit: 0, pageLoad: 300000, script: 30000}, unhandledPromptBehavior: dismiss and notify, webauthn:extension:credBlob: true, webauthn:extension:largeBlob: true, webauthn:virtualAuthenticators: true}
Session ID: d1f13d9f6285bae73ba507f17c6d7969
*** Element info: {Using=id, value=tryLexDialogX}
at org.openqa.selenium.remote.http.W3CHttpResponseCodec.createException(W3CHttpResponseCodec.java:187)
at org.openqa.selenium.remote.http.W3CHttpResponseCodec.decode(W3CHttpResponseCodec.java:122)
at org.openqa.selenium.remote.http.W3CHttpResponseCodec.decode(W3CHttpResponseCodec.java:49)
at org.openqa.selenium.remote.HttpCommandExecutor.execute(HttpCommandExecutor.java:158)
at org.openqa.selenium.remote.service.DriverCommandExecutor.execute(DriverCommandExecutor.java:83)
at org.openqa.selenium.remote.RemoteWebDriver.execute(RemoteWebDriver.java:552)
at org.openqa.selenium.remote.RemoteWebDriver.findElement(RemoteWebDriver.java:323)
at org.openqa.selenium.remote.RemoteWebDriver.findElementById(RemoteWebDriver.java:372)
at org.openqa.selenium.By$ById.findElement(By.java:188)
at org.openqa.selenium.remote.RemoteWebDriver.findElement(RemoteWebDriver.java:315)
at Reusable.BaseClass.closeAddPage(BaseClass.java:139)
at Leads_TC20_24.LeadsTab.defaultsView_TC22(LeadsTab.java:72)
at java.base/java.util.ArrayList.forEach(ArrayList.java:1511)
... Removed 32 stack frames]]>
    </failure>
  </testcase> <!-- defaultsView_TC22 -->
  <testcase classname="Leads_TC20_24.LeadsTab" name="leadsDropDown_TC21" time="13.433"/>
  <testcase classname="Leads_TC20_24.LeadsTab" name="todaysDeals_TC23" time="17.799"/>
  <testcase classname="Contacts_TC25_32.ContactTab" name="checkingCancel_TC31" time="17.816"/>
  <testcase classname="Contacts_TC25_32.ContactTab" name="createNewContact_TC25" time="21.609"/>
  <testcase classname="Contacts_TC25_32.ContactTab" name="createNewView_TC26" time="20.201"/>
  <testcase classname="Contacts_TC25_32.ContactTab" name="myContacts_TC28" time="16.269"/>
  <testcase classname="Contacts_TC25_32.ContactTab" name="newContact_TC32" time="26.461"/>
  <testcase classname="Contacts_TC25_32.ContactTab" name="recentContacts_TC29" time="23.15"/>
  <testcase classname="Contacts_TC25_32.ContactTab" name="recentlyCreated_TC27" time="17.701"/>
  <testcase classname="Contacts_TC25_32.ContactTab" name="viewNameError_TC30" time="18.679"/>
  <testcase classname="Random_TC33_37.RandomTestCases" name="TC37" time="42.95"/>
  <testcase classname="Random_TC33_37.RandomTestCases" name="blockingCalender_TC36" time="42.285"/>
  <testcase classname="Random_TC33_37.RandomTestCases" name="checkingProfileName_TC33" time="13.167"/>
  <testcase classname="Random_TC33_37.RandomTestCases" name="tabCustom_TC35" time="38.366">
    <failure type="org.openqa.selenium.NoSuchElementException" message="Cannot locate element with text: Content
For documentation on this error, please visit: https://www.seleniumhq.org/exceptions/no_such_element.html
Build info: version: &amp;apos;3.141.59&amp;apos;, revision: &amp;apos;e82be7d358&amp;apos;, time: &amp;apos;2018-11-14T08:17:03&amp;apos;
System info: host: &amp;apos;L-SFH79FJG5J-M&amp;apos;, ip: &amp;apos;2601:644:8000:5:272e:a75b:433b:890c%en0&amp;apos;, os.name: &amp;apos;Mac OS X&amp;apos;, os.arch: &amp;apos;x86_64&amp;apos;, os.version: &amp;apos;10.14.6&amp;apos;, java.version: &amp;apos;17.0.5&amp;apos;
Driver info: driver.version: unknown">
      <![CDATA[org.openqa.selenium.NoSuchElementException: Cannot locate element with text: Content
For documentation on this error, please visit: https://www.seleniumhq.org/exceptions/no_such_element.html
Build info: version: '3.141.59', revision: 'e82be7d358', time: '2018-11-14T08:17:03'
System info: host: 'L-SFH79FJG5J-M', ip: '2601:644:8000:5:272e:a75b:433b:890c%en0', os.name: 'Mac OS X', os.arch: 'x86_64', os.version: '10.14.6', java.version: '17.0.5'
Driver info: driver.version: unknown
at org.openqa.selenium.support.ui.Select.selectByVisibleText(Select.java:147)
at Random_TC33_37.RandomTestCases.tabCustom_TC35(RandomTestCases.java:90)
at java.base/java.util.ArrayList.forEach(ArrayList.java:1511)
... Removed 27 stack frames]]>
    </failure>
  </testcase> <!-- tabCustom_TC35 -->
  <testcase classname="Random_TC33_37.RandomTestCases" name="verifyEditedLastname_TC34" time="52.929"/>
  <testcase classname="UserMenuDropDown_TC5_9.MySettings_TC7" name="display" time="16.79"/>
  <testcase classname="UserMenuDropDown_TC5_9.MySettings_TC7" name="emailUpdate" time="18.948"/>
  <testcase classname="UserMenuDropDown_TC5_9.MySettings_TC7" name="publiclink" time="11.76"/>
  <testcase classname="UserMenuDropDown_TC5_9.MySettings_TC7" name="reminder" time="15.204"/>
  <testcase classname="UserMenuDropDown_TC5_9.DeveloperConsole_TC8" name="dConsole" time="11.492"/>
  <testcase classname="UserMenuDropDown_TC5_9.Logout_TC9" name="logOutSF_TC9" time="13.164"/>
  <testcase classname="Reusable.BaseClass" name="@BeforeTest setUpBeforeTest" time="0.0">
    <ignored/>
  </testcase> <!-- @BeforeTest setUpBeforeTest -->
  <testcase classname="Reusable.BaseClass" name="@BeforeTest setUpBeforeTest" time="0.0">
    <ignored/>
  </testcase> <!-- @BeforeTest setUpBeforeTest -->
  <testcase classname="Reusable.BaseClass" name="@BeforeTest setUpBeforeTest" time="0.0">
    <ignored/>
  </testcase> <!-- @BeforeTest setUpBeforeTest -->
  <testcase classname="Reusable.BaseClass" name="@BeforeTest setUpBeforeTest" time="0.0">
    <ignored/>
  </testcase> <!-- @BeforeTest setUpBeforeTest -->
  <testcase classname="Reusable.BaseClass" name="@BeforeTest setUpBeforeTest" time="0.0">
    <ignored/>
  </testcase> <!-- @BeforeTest setUpBeforeTest -->
  <testcase classname="Reusable.BaseClass" name="@BeforeTest setUpBeforeTest" time="0.0">
    <ignored/>
  </testcase> <!-- @BeforeTest setUpBeforeTest -->
  <testcase classname="Reusable.BaseClass" name="@BeforeTest setUpBeforeTest" time="0.0">
    <ignored/>
  </testcase> <!-- @BeforeTest setUpBeforeTest -->
  <testcase classname="Reusable.BaseClass" name="@BeforeTest setUpBeforeTest" time="0.0">
    <ignored/>
  </testcase> <!-- @BeforeTest setUpBeforeTest -->
  <testcase classname="Reusable.BaseClass" name="@BeforeTest setUpBeforeTest" time="0.0">
    <ignored/>
  </testcase> <!-- @BeforeTest setUpBeforeTest -->
</testsuite> <!-- SalesforceTest -->
